GROUP,PACKAGE,CLASS,INSTRUCTION_MISSED,INSTRUCTION_COVERED,BRANCH_MISSED,BRANCH_COVERED,LINE_MISSED,LINE_COVERED,COMPLEXITY_MISSED,COMPLEXITY_COVERED,METHOD_MISSED,METHOD_COVERED
javabean-tester,com.codebox.bean,ValueBuilder,94,287,15,82,4,65,13,48,5,7
javabean-tester,com.codebox.bean,JavaBeanTester,58,58,11,1,14,15,12,5,6,5
javabean-tester,com.codebox.bean,ValueBuilder.new Object() {...},2,17,0,0,0,1,0,1,0,1
javabean-tester,com.codebox.bean,JavaBeanTesterWorker,517,553,54,46,38,120,41,32,10,13
javabean-tester,com.codebox.bean,JavaBeanTesterBuilder,26,66,3,5,9,15,7,8,4,7
javabean-tester,com.codebox.enums,LoadType,5,43,0,0,0,4,1,3,1,3
javabean-tester,com.codebox.enums,LoadData,9,29,0,0,0,3,2,2,2,2
javabean-tester,com.codebox.enums,CanEquals,9,29,0,0,0,3,2,2,2,2
