GROUP,PACKAGE,CLASS,INSTRUCTION_MISSED,INSTRUCTION_COVERED,BRANCH_MISSED,BRANCH_COVERED,LINE_MISSED,LINE_COVERED,COMPLEXITY_MISSED,COMPLEXITY_COVERED,METHOD_MISSED,METHOD_COVERED
javabean-tester,com.codebox.bean,JavaBeanTester,190,707,7,128,26,159,8,72,1,11
javabean-tester,com.codebox.bean,JavaBeanTester.new Object() {...},2,17,0,0,0,1,0,1,0,1
javabean-tester,com.codebox.enums,LoadType,5,43,0,0,0,4,1,3,1,3
javabean-tester,com.codebox.enums,LoadData,9,29,0,0,0,3,2,2,2,2
javabean-tester,com.codebox.enums,CanEquals,9,29,0,0,0,3,2,2,2,2
